Build 7.0.152 CL(966072) CODPCAB-V64 CEG Thu Sep 01 16:06:17 2011
logfile opened on Tue Jan 28 22:25:07 2020

Fade in 1168069 1250
Player 0 no longer burning at time: 0
Player 0 no longer electrified at time: 0
Player 0 no longer transporter sick at time: 0
      dvar set miniscoreboardhide 0
      dvar set r_exposureValue 0.035
      dvar set cl_ingame 1
      dvar set hud_showStance 0
      dvar set compass 0
      dvar set r_exposureValue 0.06825
      dvar set all_players_are_connected 1
      dvar set player0downs 0
      dvar set player_damageMultiplier 0.322581
      dvar set player_deathInvulnerableTime 1700
      dvar set r_exposureValue 0.0998375
      dvar set dec20_Enabled 1
      dvar set cg_cinematicFullscreen 0
Updating dvars from profile 0.

      dvar set player_damageMultiplier 0.363636
      dvar set player_deathInvulnerableTime 1000
--------------
GamerProfile_UpdateDvarsFromProfile(0):
 "mis_01" = "0".
 "mis_difficulty" = "0000000000000000000000000".
 "takeCoverWarnings" = "0".
 "r_gamma" = "3".
 "snd_menu_voice" = "0.00681559".
 "snd_menu_music" = "0.334088".
 "snd_menu_sfx" = "0.55227".
 "snd_menu_master" = "0.376513".
 "snd_menu_cinematic" = "0.406816".
SaveExists(""): returning false, !savename[0]
Updating dvars from profile 0.

--------------
GamerProfile_UpdateDvarsFromProfile(0):
 "mis_01" = "0".
 "mis_difficulty" = "0000000000000000000000000".
 "takeCoverWarnings" = "0".
 "r_gamma" = "3".
 "snd_menu_voice" = "0.00681559".
 "snd_menu_music" = "0.334088".
 "snd_menu_sfx" = "0.55227".
 "snd_menu_master" = "0.376513".
 "snd_menu_cinematic" = "0.406816".
SaveExists(""): returning false, !savename[0]
      dvar set com_desiredMenu 0
Player 0 no longer burning at time: 0
Player 0 no longer electrified at time: 0
Player 0 no longer transporter sick at time: 0
      dvar set r_exposureValue 0.129846
      dvar set r_exposureValue 0.158353
      dvar set r_exposureValue 0.185436
      dvar set r_exposureValue 0.211164
      dvar set r_exposureValue 0.235606
      dvar set r_exposureValue 0.258825
      dvar set r_exposureValue 0.280884
CL_SetViewAngles() - ALPHA - (  0,   0,   0)
      dvar set r_exposureValue 0.30184
      dvar set r_exposureValue 0.321748
      dvar set r_exposureValue 0.34066
      dvar set r_exposureValue 0.358627
      dvar set r_exposureValue 0.375696
      dvar set r_exposureValue 0.391911
      dvar set r_exposureValue 0.407316
      dvar set r_exposureValue 0.42195
      dvar set r_exposureValue 0.435852
      dvar set r_exposureValue 0.44906
      dvar set r_exposureValue 0.461607
      dvar set r_exposureValue 0.473526
      dvar set r_exposureValue 0.48485
      dvar set r_exposureValue 0.495608
      dvar set r_exposureValue 0.505827
      dvar set r_exposureValue 0.515536
      dvar set r_exposureValue 0.524759
      dvar set r_exposureValue 0.533521
      dvar set r_exposureValue 0.541845
      dvar set r_exposureValue 0.549753
      dvar set r_exposureValue 0.557265
      dvar set r_exposureValue 0.564402
      dvar set r_exposureValue 0.571182
      dvar set r_exposureValue 0.577623
      dvar set r_exposureValue 0.583742
      dvar set r_exposureValue 0.589554
      dvar set r_exposureValue 0.595077
      dvar set r_exposureValue 0.600323
      dvar set r_exposureValue 0.605307
      dvar set r_exposureValue 0.610041
      dvar set r_exposureValue 0.614539
      dvar set r_exposureValue 0.618812
      dvar set r_exposureValue 0.622872
      dvar set r_exposureValue 0.626728
      dvar set r_exposureValue 0.630392
      dvar set r_exposureValue 0.633872
      dvar set r_exposureValue 0.637178
      dvar set r_exposureValue 0.64032
      dvar set r_exposureValue 0.643304
      dvar set r_exposureValue 0.646138
      dvar set r_exposureValue 0.648831
      dvar set r_exposureValue 0.65139
      dvar set r_exposureValue 0.65382
      dvar set r_exposureValue 0.656129
      dvar set r_exposureValue 0.658323
      dvar set r_exposureValue 0.660407
      dvar set r_exposureValue 0.662386
      dvar set r_exposureValue 0.664267
      dvar set r_exposureValue 0.666054
      dvar set r_exposureValue 0.667751
      dvar set r_exposureValue 0.669363
      dvar set r_exposureValue 0.670895
      dvar set r_exposureValue 0.67235
      dvar set r_exposureValue 0.673733
      dvar set r_exposureValue 0.675046
      dvar set r_exposureValue 0.676294
      dvar set r_exposureValue 0.677479
      dvar set r_exposureValue 0.678605
      dvar set r_exposureValue 0.679675
      dvar set r_exposureValue 0.680691
      dvar set r_exposureValue 0.681657
      dvar set r_exposureValue 0.682574
      dvar set r_exposureValue 0.683445
      dvar set r_exposureValue 0.684273
      dvar set r_exposureValue 0.685059
      dvar set r_exposureValue 0.685806
      dvar set r_exposureValue 0.686516
      dvar set r_exposureValue 0.68719
      dvar set r_exposureValue 0.687831
      dvar set r_exposureValue 0.688439
      dvar set r_exposureValue 0.689017
      dvar set r_exposureValue 0.689566
      dvar set r_exposureValue 0.690088
      dvar set r_exposureValue 0.690584
      dvar set r_exposureValue 0.691054
      dvar set r_exposureValue 0.691502
      dvar set r_exposureValue 0.691927
      dvar set r_exposureValue 0.69233
      dvar set r_exposureValue 0.692714
      dvar set r_exposureValue 0.693078
      dvar set r_exposureValue 0.693424
      dvar set r_exposureValue 0.693753
      dvar set r_exposureValue 0.694065
      dvar set r_exposureValue 0.694362
      dvar set r_exposureValue 0.694644
      dvar set r_exposureValue 0.694912
      dvar set r_exposureValue 0.695166
      dvar set r_exposureValue 0.695408
      dvar set r_exposureValue 0.695637
      dvar set r_exposureValue 0.695855
      dvar set r_exposureValue 0.696063
      dvar set r_exposureValue 0.69626
      dvar set r_exposureValue 0.696447
      dvar set r_exposureValue 0.696624
      dvar set r_exposureValue 0.696793
      dvar set r_exposureValue 0.696953
      dvar set r_exposureValue 0.697106
      dvar set r_exposureValue 0.69725
      dvar set r_exposureValue 0.697388
      dvar set r_exposureValue 0.697518
      dvar set r_exposureValue 0.697642
      dvar set r_exposureValue 0.69776
      dvar set r_exposureValue 0.697872
      dvar set r_exposureValue 0.697979
      dvar set r_exposureValue 0.69808
      dvar set r_exposureValue 0.698176
      dvar set r_exposureValue 0.698267
      dvar set r_exposureValue 0.698354
      dvar set r_exposureValue 0.698436
      dvar set r_exposureValue 0.698514
      dvar set r_exposureValue 0.698588
      dvar set r_exposureValue 0.698659
      dvar set r_exposureValue 0.698726
      dvar set r_exposureValue 0.69879
      dvar set r_exposureValue 0.69885
      dvar set r_exposureValue 0.698908
      dvar set r_exposureValue 0.698962
      dvar set r_exposureValue 0.699014
      dvar set r_exposureValue 0.699063
      dvar set r_exposureValue 0.69911
      dvar set r_exposureValue 0.699155
      dvar set r_exposureValue 0.699197
      dvar set r_exposureValue 0.699237
      dvar set r_exposureValue 0.699275
      dvar set r_exposureValue 0.699312
      dvar set r_exposureValue 0.699346
      dvar set r_exposureValue 0.699379
      dvar set r_exposureValue 0.69941
      dvar set r_exposureValue 0.699439
      dvar set r_exposureValue 0.699467
      dvar set r_exposureValue 0.699494
      dvar set r_exposureValue 0.699519
      dvar set r_exposureValue 0.699543
      dvar set r_exposureValue 0.699566
      dvar set r_exposureValue 0.699588
      dvar set r_exposureValue 0.699608
      dvar set r_exposureValue 0.699628
      dvar set r_exposureValue 0.699646
      dvar set r_exposureValue 0.699664
      dvar set r_exposureValue 0.699681
      dvar set r_exposureValue 0.699697
      dvar set r_exposureValue 0.699712
      dvar set r_exposureValue 0.699726
      dvar set r_exposureValue 0.69974
      dvar set r_exposureValue 0.699753
      dvar set r_exposureValue 0.699765
      dvar set r_exposureValue 0.699777
      dvar set r_exposureValue 0.699788
      dvar set r_exposureValue 0.699799
      dvar set r_exposureValue 0.699809
      dvar set r_exposureValue 0.699818
      dvar set r_exposureValue 0.699827
      dvar set r_exposureValue 0.699836
      dvar set r_exposureValue 0.699844
      dvar set r_exposureValue 0.699852
      dvar set r_exposureValue 0.699859
      dvar set r_exposureValue 0.699866
      dvar set r_exposureValue 0.699873
      dvar set r_exposureValue 0.699879
      dvar set r_exposureValue 0.699885
      dvar set r_exposureValue 0.699891
      dvar set r_exposureValue 0.699896
      dvar set r_exposureValue 0.699902
      dvar set r_exposureValue 0.699907
      dvar set r_exposureValue 0.699911
      dvar set r_exposureValue 0.699916
      dvar set r_exposureValue 0.69992
      dvar set r_exposureValue 0.699924
      dvar set r_exposureValue 0.699928
      dvar set r_exposureValue 0.699931
      dvar set r_exposureValue 0.699935
      dvar set r_exposureValue 0.699938
      dvar set r_exposureValue 0.699941
      dvar set r_exposureValue 0.699944
      dvar set r_exposureValue 0.699947
      dvar set r_exposureValue 0.699949
      dvar set r_exposureValue 0.699952
      dvar set r_exposureValue 0.699954
      dvar set r_exposureValue 0.699957
      dvar set r_exposureValue 0.699959
      dvar set r_exposureValue 0.699961
      dvar set r_exposureValue 0.699963
      dvar set r_exposureValue 0.699965
      dvar set r_exposureValue 0.699966
      dvar set r_exposureValue 0.699968
      dvar set r_exposureValue 0.69997
      dvar set r_exposureValue 0.699971
      dvar set r_exposureValue 0.699973
      dvar set r_exposureValue 0.699974
      dvar set r_exposureValue 0.699975
      dvar set r_exposureValue 0.699976
      dvar set r_exposureValue 0.699978
      dvar set r_exposureValue 0.699979
      dvar set r_exposureValue 0.69998
      dvar set r_exposureValue 0.699981
      dvar set r_exposureValue 0.699982
      dvar set r_exposureValue 0.699983
      dvar set r_exposureValue 0.699983
      dvar set r_exposureValue 0.699984
      dvar set r_exposureValue 0.699985
      dvar set r_exposureValue 0.699986
      dvar set r_exposureValue 0.699986
      dvar set r_exposureValue 0.699987
      dvar set r_exposureValue 0.699988
      dvar set r_exposureValue 0.699988
      dvar set r_exposureValue 0.699989
      dvar set r_exposureValue 0.699989
      dvar set r_exposureValue 0.69999
      dvar set r_exposureValue 0.69999
      dvar set r_exposureValue 0.699991
      dvar set r_exposureValue 0.699991
      dvar set r_exposureValue 0.699992
      dvar set r_exposureValue 0.699992
      dvar set r_exposureValue 0.699993
      dvar set r_exposureValue 0.699993
      dvar set r_exposureValue 0.699993
      dvar set r_exposureValue 0.699994
      dvar set r_exposureValue 0.699994
      dvar set r_exposureValue 0.699994
      dvar set r_exposureValue 0.699994
      dvar set r_exposureValue 0.699995
      dvar set r_exposureValue 0.699995
      dvar set r_exposureValue 0.699995
      dvar set r_exposureValue 0.699995
      dvar set r_exposureValue 0.699996
      dvar set r_exposureValue 0.699996
      dvar set r_exposureValue 0.699996
      dvar set r_exposureValue 0.699996
      dvar set r_exposureValue 0.699996
      dvar set r_exposureValue 0.699997
      dvar set r_exposureValue 0.699997
      dvar set r_exposureValue 0.699997
      dvar set r_exposureValue 0.699997
      dvar set r_exposureValue 0.699997
      dvar set r_exposureValue 0.699997
      dvar set r_exposureValue 0.699997
      dvar set r_exposureValue 0.699998
      dvar set r_exposureValue 0.699998
      dvar set r_exposureValue 0.699998
      dvar set r_exposureValue 0.699998
      dvar set r_exposureValue 0.699998
      dvar set r_exposureValue 0.699998
      dvar set r_exposureValue 0.699998
      dvar set r_exposureValue 0.699998
      dvar set r_exposureValue 0.699998
      dvar set r_exposureValue 0.699998
      dvar set r_exposureValue 0.699998
      dvar set r_exposureValue 0.699998
      dvar set r_exposureValue 0.699999
      dvar set r_exposureValue 0.699999
      dvar set r_exposureValue 0.699999
      dvar set r_exposureValue 0.699999
      dvar set r_exposureValue 0.699999
      dvar set r_exposureValue 0.699999
      dvar set r_exposureValue 0.699999
      dvar set r_exposureValue 0.699999
      dvar set zombiemode 1
      dvar set onlinegame 1
WARNING: unknown dvar 'r_reviveFX_contrastEdge' in file 'vision/zombie_frontend_default.vision'
WARNING: unknown dvar 'r_reviveFX_brightnessEdge' in file 'vision/zombie_frontend_default.vision'
WARNING: unknown dvar 'r_reviveFX_desaturationEdge' in file 'vision/zombie_frontend_default.vision'
WARNING: unknown dvar 'r_reviveFX_darkTintEdge' in file 'vision/zombie_frontend_default.vision'
WARNING: unknown dvar 'r_reviveFX_lightTintEdge' in file 'vision/zombie_frontend_default.vision'
WARNING: unknown dvar 'r_reviveFX_blurRadiusEdge' in file 'vision/zombie_frontend_default.vision'
WARNING: unknown dvar 'r_reviveFX_motionblurWeight' in file 'vision/zombie_frontend_default.vision'
WARNING: unknown dvar 'r_reviveFX_contrastCenter' in file 'vision/zombie_frontend_default.vision'
WARNING: unknown dvar 'r_reviveFX_brightnessCenter' in file 'vision/zombie_frontend_default.vision'
WARNING: unknown dvar 'r_reviveFX_desaturationCenter' in file 'vision/zombie_frontend_default.vision'
WARNING: unknown dvar 'r_reviveFX_darkTintCenter' in file 'vision/zombie_frontend_default.vision'
WARNING: unknown dvar 'r_reviveFX_lightTintCenter' in file 'vision/zombie_frontend_default.vision'
      dvar set ui_level_loc_text MENU_ZOMBIE_THEATER
      dvar set ui_mapname zombie_theater
      dvar set onlinegame 0
WARNING: unknown dvar 'r_reviveFX_contrastEdge' in file 'vision/zombie_frontend_menus.vision'
WARNING: unknown dvar 'r_reviveFX_brightnessEdge' in file 'vision/zombie_frontend_menus.vision'
WARNING: unknown dvar 'r_reviveFX_desaturationEdge' in file 'vision/zombie_frontend_menus.vision'
WARNING: unknown dvar 'r_reviveFX_darkTintEdge' in file 'vision/zombie_frontend_menus.vision'
WARNING: unknown dvar 'r_reviveFX_lightTintEdge' in file 'vision/zombie_frontend_menus.vision'
WARNING: unknown dvar 'r_reviveFX_blurRadiusEdge' in file 'vision/zombie_frontend_menus.vision'
WARNING: unknown dvar 'r_reviveFX_motionblurWeight' in file 'vision/zombie_frontend_menus.vision'
WARNING: unknown dvar 'r_reviveFX_contrastCenter' in file 'vision/zombie_frontend_menus.vision'
WARNING: unknown dvar 'r_reviveFX_brightnessCenter' in file 'vision/zombie_frontend_menus.vision'
WARNING: unknown dvar 'r_reviveFX_desaturationCenter' in file 'vision/zombie_frontend_menus.vision'
WARNING: unknown dvar 'r_reviveFX_darkTintCenter' in file 'vision/zombie_frontend_menus.vision'
WARNING: unknown dvar 'r_reviveFX_lightTintCenter' in file 'vision/zombie_frontend_menus.vision'
      dvar set ui_level_loc_text WAW_MENU_ZOMBIE_FACTORY
      dvar set ui_mapname zombie_cod5_factory
      dvar set ui_level_loc_text WAW_MENU_ZOMBIE_SUMPF
      dvar set ui_mapname zombie_cod5_sumpf
      dvar set ui_level_loc_text WAW_MENU_ZOMBIE_FACTORY
      dvar set ui_mapname zombie_cod5_factory
      dvar set g_reloading 4
Timestamp: SV_SpawnServer 1580271912
      dvar set com_voip_resume_time 0
g_gametype cmp is not a valid gametype, defaulting to cmp
PMem_Free( ExtraCamHeap, Low )
PMem_Free( ExtraCamHeap, High )
      dvar set com_maxclients 1
----- R_Init -----
Video memory for device: 3072 MB.
Rounded video memory size: 2048 MB.
DirectX reports 2048 MB of video memory and 3947 MB of available texture memory.
Using video memory size to cap used texture memory at 2032 MB.
Texture detail is set automatically.
Using picmip 0 on most textures, 0 on normal maps, and 0 on specular maps
      dvar set mapname zombie_cod5_factory
      dvar set nextmap 
------ Server Initialization ------
Server: zombie_cod5_factory
----- R_Init -----
Video memory for device: 3072 MB.
Rounded video memory size: 2048 MB.
DirectX reports 2048 MB of video memory and 3947 MB of available texture memory.
Using video memory size to cap used texture memory at 2032 MB.
Texture detail is set automatically.
Using picmip 0 on most textures, 0 on normal maps, and 0 on specular maps
Cmd_AddCommand: setClanName already defined
Cmd_AddCommand: checkClanName already defined
Cmd_AddCommand: loadMaps already defined
Cmd_AddCommand: refresh_filter already defined
FS_GetModList: failed to open 'mod.json' or 'description.txt' for mod 'Battery'
FS_GetModList: failed to open 'mod.json' or 'description.txt' for mod 'common_zombie_patch_tut'
FS_GetModList: failed to open 'mod.json' or 'description.txt' for mod 'FiveTest'
FS_GetModList: failed to open 'mod.json' or 'description.txt' for mod 'Kowloon'
FS_GetModList: failed to open 'mod.json' or 'description.txt' for mod 'RE'
FS_GetModList: failed to open 'mod.json' or 'description.txt' for mod 'Reimagined (Test)'
FS_GetModList: failed to open 'mod.json' or 'description.txt' for mod 'Remimagined_Fork'
FS_GetModList: failed to open 'mod.json' or 'description.txt' for mod 'Remix 1.4'
FS_GetModList: failed to open 'mod.json' or 'description.txt' for mod 'RestartsLUL'
FS_GetModList: failed to open 'mod.json' or 'description.txt' for mod 'zombie_counter_patch'
Customized arena file not found: mod.arena
BinkOpen failed on C:\Program Files (x86)\Steam\steamapps\common\Call of Duty Black Ops\mods/Remix\video\zombie_cod5_factory_load.bik because: Error opening file.
Unloading assets from fastfile 'frontend' and creating default assets stubs
Unloading assets from fastfile 'en_frontend' and creating default assets stubs
Unloaded fastfile 'frontend'
PMem_Free( frontend, Low )
PMem_Free( frontend, High )
Unloaded fastfile 'en_frontend'
PMem_Free( en_frontend, Low )
PMem_Free( en_frontend, High )
Adding fastfile 'common_zombie_patch' to queue
Adding fastfile 'en_common_zombie' to queue
Adding fastfile 'common_zombie' to queue
Adding fastfile 'common_zombie_patch_override_patch' to queue
Adding fastfile 'en_common_zombie_patch_override' to queue
Adding fastfile 'common_zombie_patch_override' to queue
Loading fastfile 'common_zombie_patch'
used 0.71 MB memory in DB alloc
Loading fastfile 'en_common_zombie'
used 0.11 MB memory in DB alloc
Loading fastfile 'common_zombie'
used 77.02 MB memory in DB alloc
WARNING: Could not find zone 'C:\Program Files (x86)\Steam\steamapps\common\Call of Duty Black Ops\zone\english\common_zombie_patch_override_patch.ff'
WARNING: Could not find zone 'C:\Program Files (x86)\Steam\steamapps\common\Call of Duty Black Ops\zone\english\en_common_zombie_patch_override.ff'
WARNING: Could not find zone 'C:\Program Files (x86)\Steam\steamapps\common\Call of Duty Black Ops\zone\english\common_zombie_patch_override.ff'
Redundant asset: 'rawfile','animtrees/generic_human.atr'
Redundant asset: 'rawfile','clientscripts/_audio.csc'
Redundant asset: 'rawfile','clientscripts/_callbacks.csc'
Redundant asset: 'rawfile','clientscripts/_clientfaceanim.csc'
Redundant asset: 'rawfile','clientscripts/_face_utility.csc'
Redundant asset: 'rawfile','clientscripts/_filter.csc'
Redundant asset: 'rawfile','clientscripts/_footsteps.csc'
Redundant asset: 'rawfile','clientscripts/_fx.csc'
Redundant asset: 'rawfile','clientscripts/_load.csc'
Redundant asset: 'rawfile','clientscripts/_utility.csc'
Redundant asset: 'rawfile','maps/_ballistic_knife.gsc'
Redundant asset: 'rawfile','maps/_callbackglobal.gsc'
Redundant asset: 'rawfile','maps/_gameskill.gsc'
Redundant asset: 'rawfile','maps/_hud_message.gsc'
Redundant asset: 'rawfile','maps/_laststand.gsc'
Redundant asset: 'rawfile','maps/_loadout.gsc'
Redundant asset: 'rawfile','maps/_utility.gsc'
Redundant asset: 'rawfile','maps/_weaponobjects.gsc'
Redundant asset: 'rawfile','maps/_weapons.gsc'
Redundant asset: 'localize','ZOMBIE_LANDER_HAS_ARRIVED'
Redundant asset: 'localize','ZOMBIE_LANDER_LAUNCH_IN'
Redundant asset: 'localize','ZOMBIE_CALLING_LANDER'
Redundant asset: 'localize','ZOMBIE_CHAINSAW_PICKUP'
Redundant asset: 'localize','ZOMBIE_SOLO_LIFE_LOST'
Redundant asset: 'localize','ZOMBIE_EXTRA_LIFE'
Redundant asset: 'localize','ZOMBIE_PARIS_TRANSPORTER_ACTIVATED'
Redundant asset: 'localize','ZOMBIE_PARIS_TRANSPORTER_WAITING'
Redundant asset: 'localize','ZOMBIE_ZIPLINE_DEACTIVATED'
Redundant asset: 'localize','ZOMBIE_RANDOM_WEAPON_950'
Redundant asset: 'localize','ZOMBIE_WEAPONCOSTAMMO'
Redundant asset: 'localize','ZOMBIE_WEAPONCOSTAMMO_UPGRADE'
Redundant asset: 'localize','ZOMBIE_ROUND_BEGIN'
Redundant asset: 'localize','ZOMBIE_ROUND_END'
Redundant asset: 'localize','ZOMBIE_ROUND'
Redundant asset: 'localize','ZOMBIE_UNDEFINED'
Redundant asset: 'localize','ZOMBIE_BUTTON_BUY_BACK_BARRIER_10'
Redundant asset: 'localize','ZOMBIE_BUTTON_BUY_BACK_BARRIER_20'
Redundant asset: 'localize','ZOMBIE_BUTTON_BUY_BACK_BARRIER_50'
Redundant asset: 'localize','ZOMBIE_BUTTON_BUY_BACK_BARRIER_100'
Redundant asset: 'localize','ZOMBIE_BUTTON_BUY_CLEAR_DEBRIS_100'
Redundant asset: 'localize','ZOMBIE_BUTTON_BUY_CLEAR_DEBRIS_200'
Redundant asset: 'localize','ZOMBIE_BUTTON_BUY_CLEAR_DEBRIS_250'
Redundant asset: 'localize','ZOMBIE_BUTTON_BUY_CLEAR_DEBRIS_500'
Redundant asset: 'localize','ZOMBIE_BUTTON_BUY_CLEAR_DEBRIS_750'
Redundant asset: 'localize','ZOMBIE_BUTTON_BUY_CLEAR_DEBRIS_1000'
Redundant asset: 'localize','ZOMBIE_BUTTON_BUY_CLEAR_DEBRIS_1250'
Redundant asset: 'localize','ZOMBIE_BUTTON_BUY_CLEAR_DEBRIS_1500'
Redundant asset: 'localize','ZOMBIE_BUTTON_BUY_CLEAR_DEBRIS_1750'
Redundant asset: 'localize','ZOMBIE_BUTTON_BUY_CLEAR_DEBRIS_2000'
Redundant asset: 'localize','ZOMBIE_BUTTON_BUY_OPEN_DOOR_100'
Redundant asset: 'localize','ZOMBIE_BUTTON_BUY_OPEN_DOOR_200'
Redundant asset: 'localize','ZOMBIE_BUTTON_BUY_OPEN_DOOR_250'
Redundant asset: 'localize','ZOMBIE_BUTTON_BUY_OPEN_DOOR_500'
Redundant asset: 'localize','ZOMBIE_BUTTON_BUY_OPEN_DOOR_750'
Redundant asset: 'localize','ZOMBIE_BUTTON_BUY_OPEN_DOOR_1000'
Redundant asset: 'localize','ZOMBIE_BUTTON_BUY_OPEN_DOOR_1250'
Redundant asset: 'localize','ZOMBIE_BUTTON_BUY_OPEN_DOOR_1500'
Redundant asset: 'localize','ZOMBIE_BUTTON_BUY_OPEN_DOOR_1750'
Redundant asset: 'localize','ZOMBIE_BUTTON_BUY_OPEN_DOOR_2500'
Redundant asset: 'localize','ZOMBIE_BUTTON_BUY_OPEN_DOOR_2000'
Redundant asset: 'localize','ZOMBIE_BUTTON_BUY_OPEN_AREA_100'
Redundant asset: 'localize','ZOMBIE_BUTTON_BUY_OPEN_AREA_200'
Redundant asset: 'localize','ZOMBIE_BUTTON_BUY_OPEN_AREA_250'
Redundant asset: 'localize','ZOMBIE_BUTTON_BUY_OPEN_AREA_500'
Redundant asset: 'localize','ZOMBIE_BUTTON_BUY_OPEN_AREA_750'
Redundant asset: 'localize','ZOMBIE_BUTTON_BUY_OPEN_AREA_1000'
Redundant asset: 'localize','ZOMBIE_BUTTON_BUY_OPEN_AREA_1250'
Redundant asset: 'localize','ZOMBIE_BUTTON_BUY_OPEN_AREA_1500'
Redundant asset: 'localize','ZOMBIE_BUTTON_BUY_OPEN_AREA_1750'
Redundant asset: 'localize','ZOMBIE_BUTTON_BUY_OPEN_AREA_2000'
Redundant asset: 'localize','ZOMBIE_CABINET_OPEN_500'
Redundant asset: 'localize','ZOMBIE_CABINET_OPEN_1000'
Redundant asset: 'localize','ZOMBIE_CABINET_OPEN_1500'
Redundant asset: 'localize','ZOMBIE_CABINET_OPEN_2000'
Redundant asset: 'localize','ZOMBIE_WEAPON_AK47'
Redundant asset: 'localize','ZOMBIE_WEAPON_BOWIE_BUY'
Redundant asset: 'localize','ZOMBIE_PLAYERZOMBIE_DOWNED'
Redundant asset: 'localize','ZOMBIE_PERK_QUICKREVIVE'
Redundant asset: 'localize','ZOMBIE_PERK_QUICKREVIVE_SOLO'
Redundant asset: 'localize','ZOMBIE_PERK_FASTRELOAD'
Redundant asset: 'localize','ZOMBIE_PERK_DOUBLETAP'
Redundant asset: 'localize','ZOMBIE_PERK_JUGGERNAUT'
Redundant asset: 'localize','ZOMBIE_PERK_PACKAPUNCH'
Redundant asset: 'localize','ZOMBIE_POWERUP_INSTA_KILL'
Redundant asset: 'localize','ZOMBIE_POWERUP_NUKE'
Redundant asset: 'localize','ZOMBIE_POWERUP_DOUBLE_POINTS'
Redundant asset: 'localize','ZOMBIE_POWERUP_MINIGUN'
Redundant asset: 'localize','ZOMBIE_POWERUP_MAX_AMMO'
Redundant asset: 'localize','ZOMBIE_BUTTON_REWARD_BARRIER_10'
Redundant asset: 'localize','ZOMBIE_BUTTON_REWARD_BARRIER_20'
Redundant asset: 'localize','ZOMBIE_BUTTON_REWARD_BARRIER_30'
Redundant asset: 'localize','ZOMBIE_BUTTON_REWARD_BARRIER_40'
Redundant asset: 'localize','ZOMBIE_GAME_OVER'
Redundant asset: 'localize','ZOMBIE_BUTTON_REWARD_BARRIER_50'
Redundant asset: 'localize','ZOMBIE_SURVIVED_ROUNDS'
Redundant asset: 'localize','ZOMBIE_SURVIVED_ROUND'
Redundant asset: 'localize','ZOMBIE_RANDOM_WEAPON_850'
Redundant asset: 'localize','ZOMBIE_RANDOM_WEAPON_750'
Redundant asset: 'localize','ZOMBIE_RANDOM_WEAPON_650'
Redundant asset: 'localize','ZOMBIE_BUTTON_REWARD_BARRIER'
Redundant asset: 'localize','ZOMBIE_NEED_POWER'
Redundant asset: 'localize','ZOMBIE_BUTTON_SOUTH_FLAMES'
Redundant asset: 'localize','ZOMBIE_BUTTON_BUY_OPEN_AREA_2500'
Redundant asset: 'localize','ZOMBIE_BUTTON_BUY_TRAP'
Redundant asset: 'localize','ZOMBIE_BETTY_PURCHASE'
Redundant asset: 'localize','ZOMBIE_BETTY_ALREADY_PURCHASED'
Redundant asset: 'localize','ZOMBIE_BETTY_HOWTO'
Redundant asset: 'localize','ZOMBIE_CLAYMORE_PURCHASE'
Redundant asset: 'localize','ZOMBIE_CLAYMORE_ALREADY_PURCHASED'
Redundant asset: 'localize','ZOMBIE_CLAYMORE_HOWTO'
Redundant asset: 'localize','ZOMBIE_USE_AUTO_TURRET'
Redundant asset: 'localize','ZOMBIE_ELECTRIC_SWITCH'
Redundant asset: 'localize','ZOMBIE_WEAPON_TESLA'
Redundant asset: 'localize','ZOMBIE_WEAPON_STICKY'
Redundant asset: 'localize','ZOMBIE_CLEAR_DEBRIS'
Redundant asset: 'localize','ZOMBIE_TRADE_WEAPONS'
Redundant asset: 'localize','ZOMBIE_ZIPLINE_USE'
Redundant asset: 'localize','ZOMBIE_ZIPLINE_ACTIVATE'
Redundant asset: 'localize','ZOMBIE_PERK_GENERIC'
Redundant asset: 'localize','ZOMBIE_POWER_UP_TPAD'
Redundant asset: 'localize','ZOMBIE_TELEPORT_TO_CORE'
Redundant asset: 'localize','ZOMBIE_LINK_TPAD'
Redundant asset: 'localize','ZOMBIE_LINK_ACTIVE'
Redundant asset: 'localize','ZOMBIE_INACTIVE_TPAD'
Redundant asset: 'localize','ZOMBIE_START_TPAD'
Redundant asset: 'localize','ZOMBIE_TELEPORT_COOLDOWN'
Redundant asset: 'localize','ZOMBIE_TRAP_DOOR'
Redundant asset: 'localize','ZOMBIE_PROJ_DOOR'
Redundant asset: 'localize','ZOMBIE_PROJ_LIFT'
Redundant asset: 'localize','ZOMBIE_PAY_TURRET'
Redundant asset: 'localize','ZOMBIE_AUTO_TURRET'
Redundant asset: 'localize','ZOMBIE_BUILD_BRIDGE'
Redundant asset: 'localize','ZOMBIE_GET_UPGRADED'
Redundant asset: 'localize','ZOMBIE_USE_TELEPORTER'
Redundant asset: 'localize','ZOMBIE_ACTIVATE_TELEPORTER'
Redundant asset: 'localize','ZOMBIE_COAST_ZIPLINE'
Redundant asset: 'localize','ZOMBIE_COAST_ZIPLINE_WAIT'
Redundant asset: 'localize','ZOMBIE_COAST_ZIPLINE_ACTIVATE'
Redundant asset: 'localize','ZOMBIE_FIRE_SALE_COST'
Redundant asset: 'localize','ZOMBIE_WEAPON_P90'
Redundant asset: 'localize','ZOMBIE_WEAPON_AK74U'
Redundant asset: 'localize','ZOMBIE_WEAPON_SKORPION'
Redundant asset: 'localize','ZOMBIE_WEAPON_UZI'
Redundant asset: 'localize','ZOMBIE_WEAPON_M14'
Redundant asset: 'localize','ZOMBIE_WEAPON_M16'
Redundant asset: 'localize','ZOMBIE_WEAPON_DRAGUNOV'
Redundant asset: 'localize','ZOMBIE_WEAPON_RPK'
Redundant asset: 'localize','ZOMBIE_WEAPON_STONER63'
Redundant asset: 'localize','ZOMBIE_WEAPON_AK47_MK'
Redundant asset: 'localize','ZOMBIE_WEAPON_M16_GL'
Redundant asset: 'localize','ZOMBIE_AIRSTRIKE_NOT_AVAILABLE'
Redundant asset: 'localize','ZOMBIE_WEAPON_BOX_STORE'
Redundant asset: 'localize','ZOMBIE_WEAPON_THUNDERGUN'
Redundant asset: 'localize','ZOMBIE_PERK_STOPPINGPOWER'
Redundant asset: 'localize','ZOMBIE_PERK_BANDOLIER'
Redundant asset: 'localize','ZOMBIE_DOOR_ACTIVATE_COUNTER'
Redundant asset: 'localize','ZOMBIE_WEAPON_M1911'
Redundant asset: 'localize','ZOMBIE_WEAPON_PYTHON'
Redundant asset: 'localize','ZOMBIE_WEAPON_KIPARIS'
Redundant asset: 'localize','ZOMBIE_WEAPON_MAC11'
Redundant asset: 'localize','ZOMBIE_WEAPON_AUG'
Redundant asset: 'localize','ZOMBIE_WEAPON_G11'
Redundant asset: 'localize','ZOMBIE_WEAPON_M60'
Redundant asset: 'localize','ZOMBIE_WEAPON_MINIGUN'
Redundant asset: 'localize','ZOMBIE_WEAPON_MP5K'
Redundant asset: 'localize','ZOMBIE_WEAPON_MP40'
Redundant asset: 'localize','ZOMBIE_WEAPON_MPL'
Redundant asset: 'localize','ZOMBIE_WEAPON_PM63'
Redundant asset: 'localize','ZOMBIE_WEAPON_ENFIELD'
Redundant asset: 'localize','ZOMBIE_WEAPON_ROTTWEIL72'
Redundant asset: 'localize','ZOMBIE_WEAPON_ITHACA'
Redundant asset: 'localize','ZOMBIE_WEAPON_SPAS'
Redundant asset: 'localize','ZOMBIE_WEAPON_WA2000'
Redundant asset: 'localize','ZOMBIE_POWERCELL_PICKUP'
Redundant asset: 'localize','ZOMBIE_POWERCELL_DROPOFF'
Redundant asset: 'localize','ZOMBIE_WEAPON_SABERTOOTH'
Redundant asset: 'localize','ZOMBIE_WEAPON_RAYGUN'
Redundant asset: 'localize','ZOMBIE_WEAPON_FRAG_GRENADE'
Redundant asset: 'localize','ZOMBIE_WEAPON_CLAYMORE'
Redundant asset: 'localize','ZOMBIE_WEAPON_M202_FLASH'
Redundant asset: 'localize','ZOMBIE_EARNED_RADAR'
Redundant asset: 'localize','ZOMBIE_EARNED_ARTILLERY'
Redundant asset: 'localize','ZOMBIE_EARNED_AIRSTRIKE'
Redundant asset: 'localize','ZOMBIE_EARNED_NAPALM'
Redundant asset: 'localize','ZOMBIE_EARNED_DOGS'
Redundant asset: 'localize','ZOMBIE_EARNED_HELICOPTER'
Redundant asset: 'localize','ZOMBIE_EARNED_HELICOPTER_X2'
Redundant asset: 'localize','ZOMBIE_EARNED_HELICOPTER_COMLINK'
Redundant asset: 'localize','ZOMBIE_RADAR_NOT_AVAILABLE'
Redundant asset: 'localize','ZOMBIE_ARTILLERY_NOT_AVAILABLE'
Redundant asset: 'localize','ZOMBIE_NAPALM_NOT_AVAILABLE'
Redundant asset: 'localize','ZOMBIE_DOGS_NOT_AVAILABLE'
Redundant asset: 'localize','ZOMBIE_HELICOPTER_NOT_AVAILABLE'
Redundant asset: 'localize','ZOMBIE_HELICOPTER_X2_NOT_AVAILABLE'
Redundant asset: 'localize','ZOMBIE_HELICOPTER_COMLINK_NOT_AVAILABLE'
Redundant asset: 'localize','ZOMBIE_AIRSTRIKE_INBOUND_NEAR_YOUR_POSITION'
Redundant asset: 'localize','ZOMBIE_NAPALM_INBOUND_NEAR_YOUR_POSITION'
Redundant asset: 'localize','ZOMBIE_ARTILLERY_INBOUND_NEAR_YOUR_POSITION'
Redundant asset: 'localize','ZOMBIE_HELICOPTER_X2_INBOUND'
Redundant asset: 'localize','ZOMBIE_HELICOPTER_COMLINK_INBOUND'
Redundant asset: 'localize','ZOMBIE_HELICOPTER_INBOUND'
Redundant asset: 'localize','ZOMBIE_BARRACKS'
Redundant asset: 'localize','ZOMBIE_CHALLENGES'
Redundant asset: 'localize','ZOMBIE_PLAYER_ABILITIES'
Redundant asset: 'localize','ZOMBIE_MUTATORS'
Redundant asset: 'localize','ZOMBIE_LEADERBOARDS'
Redundant asset: 'localize','ZOMBIE_AWARDS_AND_TITLES'
Redundant asset: 'localize','ZOMBIE_CHALLENGES_DONE'
Redundant asset: 'localize','ZOMBIE_XP_REWARD'
Redundant asset: 'localize','ZOMBIE_BACK'
Redundant asset: 'localize','ZOMBIE_MAIN_MENU'
Redundant asset: 'localize','ZOMBIE_SOLO'
Redundant asset: 'localize','ZOMBIE_COOP'
Redundant asset: 'localize','ZOMBIE_VERSUS'
Redundant asset: 'localize','ZOMBIE_OPTIONS'
Redundant asset: 'localize','ZOMBIE_CREDITS'
Redundant asset: 'localize','ZOMBIE_MISSION_SELECT'
Redundant asset: 'localize','ZOMBIE_XP'
Redundant asset: 'localize','ZOMBIE_REWARD'
Redundant asset: 'localize','ZOMBIE_ROUND_AIRSTRIKE'
Redundant asset: 'localize','ZOMBIE_ROUND_TURRET'
Redundant asset: 'localize','ZOMBIE_ROUND_PORTAL'
Redundant asset: 'localize','ZOMBIE_ROUND_NAPALM'
Redundant asset: 'localize','ZOMBIE_ROUND_ARTILLERY'
Redundant asset: 'localize','ZOMBIE_ROUND_DOGS'
Redundant asset: 'localize','ZOMBIE_ROUND_HELICOPTER'
Redundant asset: 'localize','ZOMBIE_ROUND_RCBOMB'
Redundant asset: 'localize','ZOMBIE_ROUND_TIMEDISTORTION'
Redundant asset: 'localize','ZOMBIE_ROUND_CLOAK'
Redundant asset: 'localize','ZOMBIE_ROUND_ENDURANCE'
Redundant asset: 'localize','ZOMBIE_ABILITY_AIRSTRIKE'
Redundant asset: 'localize','ZOMBIE_ABILITY_TURRET'
Redundant asset: 'localize','ZOMBIE_ABILITY_PORTAL'
Redundant asset: 'localize','ZOMBIE_ABILITY_NAPALM'
Redundant asset: 'localize','ZOMBIE_ABILITY_ARTILLERY'
Redundant asset: 'localize','ZOMBIE_ABILITY_DOGS'
Redundant asset: 'localize','ZOMBIE_ABILITY_HELICOPTER'
Redundant asset: 'localize','ZOMBIE_ABILITY_RCBOMB'
Redundant asset: 'localize','ZOMBIE_ABILITY_TIMEDISTORTION'
Redundant asset: 'localize','ZOMBIE_ABILITY_CLOAK'
Redundant asset: 'localize','ZOMBIE_ABILITY_ENDURANCE'
Redundant asset: 'localize','ZOMBIE_COOLDOWN_WAIT'
Redundant asset: 'localize','ZOMBIE_APE_ENTRY'
Redundant asset: 'localize','ZOMBIE_TRAP_ACTIVE'
Redundant asset: 'localize','ZOMBIE_TRAP_COOLDOWN'
Redundant asset: 'localize','ZOMBIE_EARNED_TURRET'
Redundant asset: 'localize','ZOMBIE_EARNED_PORTAL'
Redundant asset: 'localize','ZOMBIE_HAS_ABILITY'
Redundant asset: 'localize','ZOMBIE_ABILITY_ARTILLERY_USED'
Redundant asset: 'localize','ZOMBIE_ABILITY_AIRSTRIKE_USED'
Redundant asset: 'localize','ZOMBIE_ABILITY_NAPALM_USED'
Redundant asset: 'localize','ZOMBIE_ABILITY_DOGS_USED'
Redundant asset: 'localize','ZOMBIE_ABILITY_RCCAR_USED'
Redundant asset: 'localize','ZOMBIE_ABILITY_CLOAK_USED'
Redundant asset: 'localize','ZOMBIE_ABILITY_ENDURANCE_USED'
Redundant asset: 'localize','ZOMBIE_ABILITY_HELI_USED'
Redundant asset: 'localize','ZOMBIE_ABILITY_TURRET_USED'
Redundant asset: 'localize','ZOMBIE_ABILITY_PORTAL_USED'
Redundant asset: 'localize','ZOMBIE_EARNED_RCBOMB'
Redundant asset: 'localize','ZOMBIE_EARNED_CLOAK'
Redundant asset: 'localize','ZOMBIE_EARNED_ENDURANCE'
Redundant asset: 'localize','ZOMBIE_PORTAL_NOT_AVAILABLE'
Redundant asset: 'localize','ZOMBIE_TURRET_NOT_AVAILABLE'
Redundant asset: 'localize','ZOMBIE_ENDURANCE_NOT_AVAILABLE'
Redundant asset: 'localize','ZOMBIE_CLOAK_NOT_AVAILABLE'
Redundant asset: 'localize','ZOMBIE_RCBOMB_NOT_AVAILABLE'
Redundant asset: 'localize','ZOMBIE_WEAPON_GALIL'
Redundant asset: 'localize','ZOMBIE_WEAPON_COMMANDO'
Redundant asset: 'localize','ZOMBIE_WEAPON_FNFAL'
Redundant asset: 'localize','ZOMBIE_WEAPON_FAMAS'
Redundant asset: 'localize','ZOMBIE_WEAPON_HK21'
Redundant asset: 'localize','ZOMBIE_WEAPON_SPECTRE'
Redundant asset: 'localize','ZOMBIE_WEAPON_CZ75DW'
Redundant asset: 'localize','ZOMBIE_WEAPON_M72_LAW'
Redundant asset: 'localize','ZOMBIE_WEAPON_CHINA_LAKE'
Redundant asset: 'localize','ZOMBIE_WEAPON_L96A1'
Redundant asset: 'localize','ZOMBIE_WEAPON_CROSSBOW_EXPLOSIVE'
Redundant asset: 'localize','ZOMBIE_WEAPON_HS10'
Redundant asset: 'localize','ZOMBIE_REVIVING_SOLO'
Redundant asset: 'localize','ZOMBIE_PYTHON_UPGRADED'
Redundant asset: 'localize','ZOMBIE_M1911_UPGRADED'
Redundant asset: 'localize','ZOMBIE_M14_UPGRADED'
Redundant asset: 'localize','ZOMBIE_M16_UPGRADED'
Redundant asset: 'localize','ZOMBIE_G11_UPGRADED'
Redundant asset: 'localize','ZOMBIE_FAMAS_UPGRADED'
Redundant asset: 'localize','ZOMBIE_AK74U_UPGRADED'
Redundant asset: 'localize','ZOMBIE_MP5K_UPGRADED'
Redundant asset: 'localize','ZOMBIE_MP40_UPGRADED'
Redundant asset: 'localize','ZOMBIE_MPL_UPGRADED'
Redundant asset: 'localize','ZOMBIE_PM63_UPGRADED'
Redundant asset: 'localize','ZOMBIE_MAC11_UPGRADED'
Redundant asset: 'localize','ZOMBIE_SPECTRE_UPGRADED'
Redundant asset: 'localize','ZOMBIE_CZ75_UPGRADED'
Redundant asset: 'localize','ZOMBIE_CZ75_DW_UPGRADED'
Redundant asset: 'localize','ZOMBIE_ITHACA_UPGRADED'
Redundant asset: 'localize','ZOMBIE_ROTTWEIL72_UPGRADED'
Redundant asset: 'localize','ZOMBIE_SPAS_UPGRADED'
Redundant asset: 'localize','ZOMBIE_HS10_UPGRADED'
Redundant asset: 'localize','ZOMBIE_ENFIELD_UPGRADED'
Redundant asset: 'localize','ZOMBIE_AUG_UPGRADED'
Redundant asset: 'localize','ZOMBIE_AUG_GL_UPGRADED'
Redundant asset: 'localize','ZOMBIE_GALIL_UPGRADED'
Redundant asset: 'localize','ZOMBIE_COMMANDO_UPGRADED'
Redundant asset: 'localize','ZOMBIE_FNFAL_UPGRADED'
Redundant asset: 'localize','ZOMBIE_DRAGUNOV_UPGRADED'
Redundant asset: 'localize','ZOMBIE_L96A1_UPGRADED'
Redundant asset: 'localize','ZOMBIE_RPK_UPGRADED'
Redundant asset: 'localize','ZOMBIE_HK21_UPGRADED'
Redundant asset: 'localize','ZOMBIE_M202_FLASH_UPGRADED'
Redundant asset: 'localize','ZOMBIE_M72_LAW_UPGRADED'
Redundant asset: 'localize','ZOMBIE_CHINA_LAKE_UPGRADED'
Redundant asset: 'localize','ZOMBIE_RAY_GUN_UPGRADED'
Redundant asset: 'localize','ZOMBIE_TESLA_GUN'
Redundant asset: 'localize','ZOMBIE_TESLA_GUN_UPGRADED'
Redundant asset: 'localize','ZOMBIE_THUNDERGUN_UPGRADED'
Redundant asset: 'localize','ZOMBIE_FREEZEGUN'
Redundant asset: 'localize','ZOMBIE_FREEZEGUN_UPGRADED'
Redundant asset: 'localize','ZOMBIE_CROSSBOW_UPGRADED'
Redundant asset: 'localize','ZOMBIE_CROSSBOW_EXPLOSIVE_UPGRADED'
Redundant asset: 'localize','ZOMBIE_KNIFE_BALLISTIC_UPGRADED'
Redundant asset: 'localize','ZOMBIE_G11_LPS_UPGRADED'
Redundant asset: 'localize','ZOMBIE_SURVIVED_NONE'
Redundant asset: 'image','popups_alpha'
Adding fastfile 'zombie_cod5_factory_patch' to queue
Adding fastfile 'en_zombie_cod5_factory' to queue
Adding fastfile 'zombie_cod5_factory' to queue
Adding fastfile 'zombie_cod5_factory_patch_override' to queue
Loading fastfile 'zombie_cod5_factory_patch'
used 1.00 MB memory in DB alloc
      dvar set nextmap map_restart
Loading fastfile 'en_zombie_cod5_factory'
used 6.56 MB memory in DB alloc
Loading fastfile 'zombie_cod5_factory'
used 97.34 MB memory in DB alloc
Waited 2326 msec for asset 'maps/zombie_cod5_factory.d3dbsp' of type 'col_map_mp'.
      dvar set dec20_Enabled 0
      dvar set player_damageMultiplier 1
      dvar set cg_defaultFadeScreenColor 0 0 0 1
      dvar set hud_showStance 1
      dvar set compass 1
      dvar set cg_cinematicFullscreen 1
      dvar set r_exposureValue 1
      dvar set r_watersim_enabled 1
      dvar set ui_campaign american
      dvar set player_meleeDamageMultiplier 1
      dvar set player_damageMultiplier 0.363636
      dvar set g_reloading 0
codescripts/delete
codescripts/struct
maps/_callbacksetup
+maps/_utility
++common_scripts/utility
++maps/_utility_code
+++maps/_hud_util
++++animscripts/utility
+++++animscripts/setposemovement
++++++animscripts/anims
+++++++animscripts/shared
++++++++animscripts/combat_utility
+++++++++animscripts/debug
+++++++++maps/_gameskill
++++++++++animscripts/weaponlist
++++++++++maps/_load_common
+++++++++++maps/_lights
+++++++++++maps/_createfx
++++++++++++maps/_createfxmenu
++++++++++++maps/_fx
+++++++++++++maps/_spawner
++++++++++++++maps/_anim
+++++++++++++++animscripts/face
++++++++++++++maps/_serverfaceanim
++++++++++++++maps/_audio
+++++++++++++++maps/_music
++++++++++++++maps/_mg_penetration
+++++++++++++++maps/_mgturret
++++++++++++++maps/_friendlyfire
++++++++++++++maps/_patrol
++++++++++++++maps/_spiderhole
+++++++++++++++maps/_banzai
++++++++++++++++maps/_laststand
++++++++++++++maps/_dds
+++++++++++maps/_colors
+++++++++animscripts/battlechatter_ai
++++++++++animscripts/battlechatter
++++++++++animscripts/squadmanager
++++++animscripts/walk
++maps/_autosave
++codescripts/character
++maps/_endmission
+++maps/_hud_message
+++maps/_cooplogic
+++maps/_cheat
++maps/_vehicle_aianim
+++maps/_vehicle
++++maps/_vehicletypes
++++maps/_destructible
++++maps/_vehicledrive
++++maps/_huey
++++maps/_hind_player
++++maps/_treadfx
++++maps/_vehiclenames
++++maps/_t72
++++maps/_tank_zsu23
++++maps/_truck
++++maps/_boat_pbr
++++maps/_truck_gaz66
++++maps/_truck_gaz63
++++maps/_uaz
++++maps/_jeep
++++maps/_chinook
++++maps/_cobra
++++maps/_hip
++++maps/_mig17
+++++maps/_plane_weapons
++++maps/_zpu_antiair
++++maps/_apc
++++maps/_btr
++++maps/_civ_vehicle
++++maps/_tiara
++++maps/_policecar
++++maps/_snowcat
++++maps/_rcbomb
++++maps/_sampan
++++maps/_boat_nvapbr
++++maps/_boat_patrol_nva
++++maps/_motorcycle
++animscripts/revive
++maps/_callbackglobal
+++maps/_flashgrenades
+++maps/_damagefeedback
+++maps/_bulletcam
++++maps/_debug
+++++maps/_createmenu
+++maps/_introscreen
++maps/_spawn_manager
+++maps/_names
++maps/_contextual_melee
++maps/_meatshield
++maps/_swimming
WARNING: Could not find zone 'C:\Program Files (x86)\Steam\steamapps\common\Call of Duty Black Ops\zone\english\zombie_cod5_factory_patch_override.ff'
Redundant asset: 'techset','mc_l_sm_t0c0n0s0'
Redundant asset: 'image','global_normal_flat_16x16'
Redundant asset: 'image','~$white-rgb&~-rzombie_perkbot~0c271a5c'
Redundant asset: 'image','zombie_perkbottle_jugg_out_n'
Redundant asset: 'image','~~-gzombie_perkbottle_jugg_ou~0ecb6869'
Redundant asset: 'techset','mc_l_sm_r0c0d0n0s0'
Redundant asset: 'techset','mc_l_sm_r0c0s0_sls'
Redundant asset: 'techset','mc_l_sm_r0c0d0n0s0_clothcharr'
Redundant asset: 'techset','mc_l_sm_r0c0d0n0s0_sco'
Redundant asset: 'techset','mc_l_sm_b0c0d0n0s0_sco'
Error: Waited 498 msec for missing asset "maps/gametypes/.gsc".
Error: Could not load rawfile "maps/gametypes/.gsc".
animscripts/zombie_combat
+animscripts/zombie_utility
++animscripts/zombie_setposemovement
+++animscripts/zombie_run
++++animscripts/zombie_shared
+animscripts/zombie_melee
+maps/_bayonet
animscripts/zombie_death
+animscripts/zombie_pain
animscripts/zombie_init
animscripts/zombie_move
+maps/_zombiemode_spawner
++maps/_zombiemode_utility
+++maps/_zombiemode_server_throttle
+++maps/_zombiemode_weapons
++++maps/_zombiemode_audio
+++++maps/_busing
++++maps/_zombiemode_score
++++maps/_zombiemode_weap_cymbal_monkey
+++maps/_zombiemode_powerups
++++maps/_zombiemode_net
++++maps/_zombiemode_blockers
++++maps/_zombiemode_perks
+++++maps/_zombiemode
++++++maps/_zombiemode_ffotd
++++++maps/_zombiemode_load
+++++++animscripts/traverse/zombie_shared
+++++++maps/_constants
+++++++maps/_gamemode
+++++++maps/_art
+++++++maps/_loadout
++++++++mptype/player_t5_zt
+++++++++character/c_usa_sog2_zt
+++++++++character/c_zom_blue_guy_zt
+++++++++character/c_zom_red_guy_zt
+++++++++character/c_zom_yellow_guy_zt
++++++++mptype/player_t5_zm_pentagon
+++++++++character/c_usa_nixon_zt
+++++++++character/c_cub_castro_zt
+++++++++character/c_usa_jfk_zt
+++++++++character/c_usa_mcnamara_zt
++++++++mptype/player_t5_zm_theater
+++++++++character/c_ger_richtofen_zt
+++++++++character/c_jap_takeo_zt
+++++++++character/c_rus_nikolai_zt
+++++++++character/c_usa_dempsey_zt
++++++++mptype/player_t5_zm
+++++++++character/c_usa_marine_michael_carter_player_zm
+++++++maps/_weapons
++++++++maps/_weaponobjects
+++++++++maps/_ballistic_knife
++++++++maps/_explosive_bolt
++++++++maps/_flamethrower_plight
++++++++maps/_shellshock
+++++++maps/_detonategrenades
+++++++maps/_flareweapon
+++++++maps/_ingamemenus
+++++++maps/_global_fx
+++++++maps/_minefields
+++++++maps/_hud
+++++++maps/_animatedmodels
++++++maps/_zombiemode_zone_manager
++++++maps/_zombiemode_claymore
++++++maps/_zombiemode_equipment
++++++maps/_zombiemode_user
++++++maps/_zombiemode_weap_freezegun
++++++maps/_zombiemode_weap_tesla
++++++maps/_zombiemode_weap_thundergun
++++++maps/_zombiemode_weap_crossbow
++++++maps/_zombiemode_bowie
++++++maps/_zombiemode_traps
++++++maps/_zombiemode_weapon_box
++++++maps/_zombiemode_ai_dogs
+++++++animscripts/zombie_dog_init
Error: 
******* Server script compile error *******
Error: unknown function: (file 'maps/_zombiemode.gsc', line 7131)
 time = GetText(timer);
        *
************************************

====================================================
Com_ERROR: Server script compile error
unknown function
 time = GetText(timer);
(see console for details)

====================================================

      dvar set ui_menuLvlNotify 0
      dvar set com_errorTitle Error
      dvar set com_errorMessage Server script compile error
unknown function
 time = GetText(timer);
(see console for details)

********************
ERROR: Server script compile error
unknown function
 time = GetText(timer);
(see console for details)

********************
----- Server Shutdown -----
      dvar set sv_running 0
      dvar set all_players_are_connected 0
---------------------------
PMem_Free( PerLocalClient, Low )
PMem_Free( PerLocalClient, High )
      dvar set com_maxclients 4
----- R_Init -----
Video memory for device: 3072 MB.
Rounded video memory size: 2048 MB.
DirectX reports 2048 MB of video memory and 3989 MB of available texture memory.
Using video memory size to cap used texture memory at 2032 MB.
Texture detail is set automatically.
Using picmip 0 on most textures, 0 on normal maps, and 0 on specular maps
Error: Could not load image "$pixelcostcolorcode".
Error: Could not load material "$floatz_donotremove".
Error: Could not load material "$processed_floatz_donotremove".
Error: Could not load material "$ps3_aadownsample_donotremove".
Error: Could not load material "particle_blend_donotremove".
Error: Could not load material "particle_zdownsample_donotremove".
Error: Could not load material "postfx_lut_0".
Error: Could not load material "postfx_lut_1".
Error: Could not load material "postfx_lut_2".
Error: Could not load material "postfx_lut_3".
Error: Could not load material "postfx_lut_4".
Error: Could not load material "postfx_lut_5".
Error: Could not load material "postfx_lut_6".
Error: Could not load material "postfx_lut_7".
Error: Could not load material "postfx_lut_8".
Error: Could not load material "postfx_lut_9".
Error: Could not load material "create_lut2d".
Error: Could not load material "apply_lut2d".
Error: Could not load material "$ps3_reload_zcull_donotremove".
Cmd_AddCommand: setClanName already defined
Cmd_AddCommand: checkClanName already defined
Cmd_AddCommand: loadMaps already defined
Cmd_AddCommand: refresh_filter already defined
Error: Could not load material "menu_mp_lobby_scrollbar_main".
Error: Could not load material "menu_mp_lobby_scrollbar_block".
Error: Co